Using pre-set license
Built from '2020.3/staging' branch; Version is '2020.3.8f1 (507919d4fff5) revision 5273881'; Using compiler version '192528614'; Build Type 'Release'
OS: 'Windows 10 Home; OS build 19042.1052; Version 2009; 64bit' Language: 'en' Physical Memory: 16270 MB
BatchMode: 1, IsHumanControllingUs: 0, StartBugReporterOnCrash: 0, Is64bit: 1, IsPro: 0

 COMMAND LINE ARGUMENTS:
C:\Program Files\Unity\Hub\Editor\2020.3.8f1\Editor\Unity.exe
-adb2
-batchMode
-noUpm
-name
AssetImportWorker0
-projectPath
C:/Users/maxso/Documents/Unity Builds/Portals-master/Portals-master
-logFile
Logs/AssetImportWorker0.log
-srvPort
58678
Successfully changed project path to: C:/Users/maxso/Documents/Unity Builds/Portals-master/Portals-master
C:/Users/maxso/Documents/Unity Builds/Portals-master/Portals-master
Using Asset Import Pipeline V2.
Refreshing native plugins compatible for Editor in 57.62 ms, found 3 plugins.
Preloading 1 native plugins for Editor in 2.18 ms.
Initialize engine version: 2020.3.8f1 (507919d4fff5)
[Subsystems] Discovering subsystems at path C:/Program Files/Unity/Hub/Editor/2020.3.8f1/Editor/Data/Resources/UnitySubsystems
[Subsystems] Discovering subsystems at path C:/Users/maxso/Documents/Unity Builds/Portals-master/Portals-master/Assets
GfxDevice: creating device client; threaded=0
Direct3D:
    Version:  Direct3D 11.0 [level 11.1]
    Renderer: NVIDIA GeForce RTX 3060 Ti (ID=0x2486)
    Vendor:   
    VRAM:     8050 MB
    Driver:   27.21.14.6230
Shader 'Oculus/OVRMRCameraFrameLit': fallback shader 'Alpha-Diffuse' not found
Initialize mono
Mono path[0] = 'C:/Program Files/Unity/Hub/Editor/2020.3.8f1/Editor/Data/Managed'
Mono path[1] = 'C:/Program Files/Unity/Hub/Editor/2020.3.8f1/Editor/Data/MonoBleedingEdge/lib/mono/unityjit'
Mono config path = 'C:/Program Files/Unity/Hub/Editor/2020.3.8f1/Editor/Data/MonoBleedingEdge/etc'
Using monoOptions --debugger-agent=transport=dt_socket,embedding=1,server=y,suspend=n,address=127.0.0.1:56512
Begin MonoManager ReloadAssembly
Registering precompiled unity dll's ...
Register platform support module: C:/Program Files/Unity/Hub/Editor/2020.3.8f1/Editor/Data/PlaybackEngines/WebGLSupport/UnityEditor.WebGL.Extensions.dll
Register platform support module: C:/Program Files/Unity/Hub/Editor/2020.3.8f1/Editor/Data/PlaybackEngines/WindowsStandaloneSupport/UnityEditor.WindowsStandalone.Extensions.dll
Registered in 0.002322 seconds.
Native extension for WindowsStandalone target not found
Native extension for WebGL target not found
Refreshing native plugins compatible for Editor in 42.37 ms, found 3 plugins.
Preloading 1 native plugins for Editor in 0.06 ms.
Mono: successfully reloaded assembly
- Completed reload, in  0.885 seconds
Platform modules already initialized, skipping
Registering precompiled user dll's ...
Registered in 0.003370 seconds.
Begin MonoManager ReloadAssembly
Native extension for WindowsStandalone target not found
Native extension for WebGL target not found
Refreshing native plugins compatible for Editor in 0.70 ms, found 3 plugins.
Preloading 1 native plugins for Editor in 0.07 ms.
Mono: successfully reloaded assembly
- Completed reload, in  0.587 seconds
Platform modules already initialized, skipping
========================================================================
Worker process is ready to serve import requests
Shader 'Oculus/OVRMRCameraFrameLit': fallback shader 'Alpha-Diffuse' not found
Launched and connected shader compiler UnityShaderCompiler.exe after 0.03 seconds
Refreshing native plugins compatible for Editor in 1.01 ms, found 3 plugins.
Preloading 1 native plugins for Editor in 0.07 ms.
Unloading 2089 Unused Serialized files (Serialized files now loaded: 0)
System memory in use before: 96.9 MB.
System memory in use after: 97.0 MB.

Unloading 73 unused Assets to reduce memory usage. Loaded Objects now: 2485.
Total: 3.750900 ms (FindLiveObjects: 0.172200 ms CreateObjectMapping: 0.052400 ms MarkObjects: 3.452900 ms  DeleteObjects: 0.072700 ms)

========================================================================
Received Import Request.
  path: Assets/Oculus/OculusProjectConfig.asset
  artifactKey: Guid(4434bc112d8814f4ab45a3186e96785c) Importer(815301076,1909f56bfc062723c751e8b465ee728b)
Start importing Assets/Oculus/OculusProjectConfig.asset using Guid(4434bc112d8814f4ab45a3186e96785c) Importer(815301076,1909f56bfc062723c751e8b465ee728b)  -> (artifact id: 'dbb9d65b923cc8c88d316ae6f297cbe5') in 0.020982 seconds
  Import took 0.023315 seconds .

========================================================================
Received Import Request.
  Time since last request: 1.785148 seconds.
  path: Assets/Oculus/VR
  artifactKey: Guid(3118ca54805218b43ad7824e67d82db7) Importer(815301076,1909f56bfc062723c751e8b465ee728b)
Start importing Assets/Oculus/VR using Guid(3118ca54805218b43ad7824e67d82db7) Importer(815301076,1909f56bfc062723c751e8b465ee728b)  -> (artifact id: 'e069d91719e12b624732712fb3b034cf') in 0.002033 seconds
  Import took 0.004404 seconds .

========================================================================
Received Import Request.
  Time since last request: 0.003215 seconds.
  path: Assets/Oculus/VR
  artifactKey: Guid(3118ca54805218b43ad7824e67d82db7) Importer(815301076,1909f56bfc062723c751e8b465ee728b)
Start importing Assets/Oculus/VR using Guid(3118ca54805218b43ad7824e67d82db7) Importer(815301076,1909f56bfc062723c751e8b465ee728b)  -> (artifact id: 'e069d91719e12b624732712fb3b034cf') in 0.001750 seconds
  Import took 0.003904 seconds .

========================================================================
Received Import Request.
  Time since last request: 0.056365 seconds.
  path: Assets/Oculus/VR/Oculus.VR.asmdef
  artifactKey: Guid(f64c9ebcd7899c3448a08dc9f9ddbe30) Importer(815301076,1909f56bfc062723c751e8b465ee728b)
Start importing Assets/Oculus/VR/Oculus.VR.asmdef using Guid(f64c9ebcd7899c3448a08dc9f9ddbe30) Importer(815301076,1909f56bfc062723c751e8b465ee728b)  -> (artifact id: '56bdbfa69547214c8cfa19d89ce64a17') in 0.002924 seconds
  Import took 0.005318 seconds .

========================================================================
Received Import Request.
  Time since last request: 14.168223 seconds.
  path: Assets/Oculus/VR/Prefabs/Cursor_Timer.prefab
  artifactKey: Guid(5a7682c244a150b49965c007720bdbb7) Importer(815301076,1909f56bfc062723c751e8b465ee728b)
Start importing Assets/Oculus/VR/Prefabs/Cursor_Timer.prefab using Guid(5a7682c244a150b49965c007720bdbb7) Importer(815301076,1909f56bfc062723c751e8b465ee728b)  -> (artifact id: '35ad1490e88f080ecce316ca30338a76') in 0.046766 seconds
  Import took 0.049294 seconds .

========================================================================
Received Import Request.
  Time since last request: 0.000148 seconds.
  path: Assets/Oculus/VR/Prefabs/OVRCustomHandPrefab_R.prefab
  artifactKey: Guid(e201a24a09e942042b93390d0444d728) Importer(815301076,1909f56bfc062723c751e8b465ee728b)
Start importing Assets/Oculus/VR/Prefabs/OVRCustomHandPrefab_R.prefab using Guid(e201a24a09e942042b93390d0444d728) Importer(815301076,1909f56bfc062723c751e8b465ee728b)  -> (artifact id: 'f281d04a5732a0079461f63f7db0f2fc') in 0.054262 seconds
  Import took 0.056748 seconds .

========================================================================
Received Import Request.
  Time since last request: 0.000144 seconds.
  path: Assets/Oculus/VR/Prefabs/OVRCameraRig.prefab
  artifactKey: Guid(126d619cf4daa52469682f85c1378b4a) Importer(815301076,1909f56bfc062723c751e8b465ee728b)
Start importing Assets/Oculus/VR/Prefabs/OVRCameraRig.prefab using Guid(126d619cf4daa52469682f85c1378b4a) Importer(815301076,1909f56bfc062723c751e8b465ee728b)  -> (artifact id: '0bd1749aa3524f030a99c3ab845bc43b') in 0.005212 seconds
  Import took 0.007395 seconds .

========================================================================
Received Import Request.
  Time since last request: 0.000108 seconds.
  path: Assets/Oculus/VR/Prefabs/OVRCubemapCaptureProbe.prefab
  artifactKey: Guid(7a400e96d4650ff4e827a7e727fad81d) Importer(815301076,1909f56bfc062723c751e8b465ee728b)
Start importing Assets/Oculus/VR/Prefabs/OVRCubemapCaptureProbe.prefab using Guid(7a400e96d4650ff4e827a7e727fad81d) Importer(815301076,1909f56bfc062723c751e8b465ee728b)  -> (artifact id: '6bbc7b3ed15fbdf65e4ea5356a24c260') in 0.003203 seconds
  Import took 0.005080 seconds .

========================================================================
Received Import Request.
  Time since last request: 0.000103 seconds.
  path: Assets/Oculus/VR/Prefabs/OVRHandPrefab.prefab
  artifactKey: Guid(835e735ca71bf78459fb2cababd74112) Importer(815301076,1909f56bfc062723c751e8b465ee728b)
Start importing Assets/Oculus/VR/Prefabs/OVRHandPrefab.prefab using Guid(835e735ca71bf78459fb2cababd74112) Importer(815301076,1909f56bfc062723c751e8b465ee728b)  -> (artifact id: '738172db767c33890d88aca7d416d87b') in 0.003874 seconds
  Import took 0.005789 seconds .

========================================================================
Received Import Request.
  Time since last request: 0.000101 seconds.
  path: Assets/Oculus/VR/Prefabs/OVRPlayerController.prefab
  artifactKey: Guid(ce816f2e6abb0504092c23ed9b970dfd) Importer(815301076,1909f56bfc062723c751e8b465ee728b)
Start importing Assets/Oculus/VR/Prefabs/OVRPlayerController.prefab using Guid(ce816f2e6abb0504092c23ed9b970dfd) Importer(815301076,1909f56bfc062723c751e8b465ee728b)  -> (artifact id: '757aa5885e83acf47be1c48adb68daa2') in 0.003983 seconds
  Import took 0.005901 seconds .

========================================================================
Received Import Request.
  Time since last request: 0.000119 seconds.
  path: Assets/Oculus/VR/Prefabs/OVRControllerPrefab.prefab
  artifactKey: Guid(d9809c5e8418bb047bf2c8ba1d1a2cec) Importer(815301076,1909f56bfc062723c751e8b465ee728b)
Start importing Assets/Oculus/VR/Prefabs/OVRControllerPrefab.prefab using Guid(d9809c5e8418bb047bf2c8ba1d1a2cec) Importer(815301076,1909f56bfc062723c751e8b465ee728b)  -> (artifact id: 'a0c3ded9bbd390493430ef645a8140d5') in 0.303089 seconds
  Import took 0.306176 seconds .

========================================================================
Received Import Request.
  Time since last request: 0.000156 seconds.
  path: Assets/Oculus/VR/Prefabs/OVRCustomHandPrefab_L.prefab
  artifactKey: Guid(c6a74181d4000004887343fb87b3c53a) Importer(815301076,1909f56bfc062723c751e8b465ee728b)
Start importing Assets/Oculus/VR/Prefabs/OVRCustomHandPrefab_L.prefab using Guid(c6a74181d4000004887343fb87b3c53a) Importer(815301076,1909f56bfc062723c751e8b465ee728b)  -> (artifact id: '934c3d6d9c6477aad28162f7fb80d83c') in 0.012031 seconds
  Import took 0.014628 seconds .

========================================================================
Received Prepare
Registering precompiled user dll's ...
Registered in 0.003067 seconds.
Begin MonoManager ReloadAssembly
Native extension for WindowsStandalone target not found
Native extension for WebGL target not found
Refreshing native plugins compatible for Editor in 0.74 ms, found 3 plugins.
Preloading 1 native plugins for Editor in 0.07 ms.
Mono: successfully reloaded assembly
- Completed reload, in  0.590 seconds
Platform modules already initialized, skipping
Shader 'Oculus/OVRMRCameraFrameLit': fallback shader 'Alpha-Diffuse' not found
Refreshing native plugins compatible for Editor in 0.76 ms, found 3 plugins.
Preloading 1 native plugins for Editor in 0.07 ms.
Unloading 2035 Unused Serialized files (Serialized files now loaded: 0)
System memory in use before: 109.2 MB.
System memory in use after: 109.3 MB.

Unloading 64 unused Assets to reduce memory usage. Loaded Objects now: 2498.
Total: 4.076800 ms (FindLiveObjects: 0.184200 ms CreateObjectMapping: 0.054700 ms MarkObjects: 3.811400 ms  DeleteObjects: 0.025500 ms)

========================================================================
Received Prepare
Registering precompiled user dll's ...
Registered in 0.003152 seconds.
Begin MonoManager ReloadAssembly
Native extension for WindowsStandalone target not found
Native extension for WebGL target not found
Refreshing native plugins compatible for Editor in 0.78 ms, found 3 plugins.
Preloading 1 native plugins for Editor in 0.07 ms.
Mono: successfully reloaded assembly
- Completed reload, in  0.637 seconds
Platform modules already initialized, skipping
Shader 'Oculus/OVRMRCameraFrameLit': fallback shader 'Alpha-Diffuse' not found
Refreshing native plugins compatible for Editor in 0.73 ms, found 3 plugins.
Preloading 1 native plugins for Editor in 0.06 ms.
Unloading 2111 Unused Serialized files (Serialized files now loaded: 0)
System memory in use before: 111.6 MB.
System memory in use after: 111.8 MB.

Unloading 64 unused Assets to reduce memory usage. Loaded Objects now: 2578.
Total: 3.956200 ms (FindLiveObjects: 0.172700 ms CreateObjectMapping: 0.059500 ms MarkObjects: 3.702700 ms  DeleteObjects: 0.020600 ms)

========================================================================
Received Prepare
Registering precompiled user dll's ...
Registered in 0.004908 seconds.
Begin MonoManager ReloadAssembly
Native extension for WindowsStandalone target not found
Native extension for WebGL target not found
Refreshing native plugins compatible for Editor in 0.83 ms, found 4 plugins.
Preloading 1 native plugins for Editor in 0.07 ms.
Instance of Unity.XR.Oculus.OculusLoader couldn't be created because there is no script with that name.
UnityEngine.StackTraceUtility:ExtractStackTrace ()
UnityEngine.ScriptableObject:CreateInstance (string)
UnityEditor.XR.Management.EditorUtilities:CreateScriptableObjectInstance (string,string) (at Library/PackageCache/com.unity.xr.management@4.0.6/Editor/EditorUtilities.cs:95)
UnityEditor.XR.Management.XRPackageInitializationBootstrap:InitializeLoaderFromMetadata (string,System.Collections.Generic.List`1<UnityEditor.XR.Management.Metadata.IXRLoaderMetadata>) (at Library/PackageCache/com.unity.xr.management@4.0.6/Editor/XRPackageInitialization.cs:152)
UnityEditor.XR.Management.XRPackageInitializationBootstrap:InitializePackageFromMetadata (UnityEditor.XR.Management.Metadata.IXRPackage,UnityEditor.XR.Management.Metadata.IXRPackageMetadata) (at Library/PackageCache/com.unity.xr.management@4.0.6/Editor/XRPackageInitialization.cs:129)
UnityEditor.XR.Management.XRPackageInitializationBootstrap:InitPackage (UnityEditor.XR.Management.Metadata.IXRPackage) (at Library/PackageCache/com.unity.xr.management@4.0.6/Editor/XRPackageInitialization.cs:118)
UnityEditor.XR.Management.XRPackageInitializationBootstrap:BeginPackageInitialization () (at Library/PackageCache/com.unity.xr.management@4.0.6/Editor/XRPackageInitialization.cs:87)
UnityEditor.XR.Management.XRPackageInitializationBootstrap:.cctor () (at Library/PackageCache/com.unity.xr.management@4.0.6/Editor/XRPackageInitialization.cs:50)
System.Runtime.CompilerServices.RuntimeHelpers:RunClassConstructor (System.RuntimeTypeHandle)
UnityEditor.EditorAssemblies:ProcessInitializeOnLoadAttributes (System.Type[])

[Library/PackageCache/com.unity.xr.management@4.0.6/Editor/EditorUtilities.cs line 95]

We were unable to create an instance of the requested type Unity.XR.Oculus.OculusLoader. Please make sure that all packages are updated to support this version of XR Plug-In Management. See the Unity documentation for XR Plug-In Management for information on resolving this issue.
UnityEngine.StackTraceUtility:ExtractStackTrace ()
UnityEngine.DebugLogHandler:LogFormat (UnityEngine.LogType,UnityEngine.Object,string,object[])
UnityEngine.Logger:Log (UnityEngine.LogType,object)
UnityEngine.Debug:LogError (object)
UnityEditor.XR.Management.EditorUtilities:CreateScriptableObjectInstance (string,string) (at Library/PackageCache/com.unity.xr.management@4.0.6/Editor/EditorUtilities.cs:108)
UnityEditor.XR.Management.XRPackageInitializationBootstrap:InitializeLoaderFromMetadata (string,System.Collections.Generic.List`1<UnityEditor.XR.Management.Metadata.IXRLoaderMetadata>) (at Library/PackageCache/com.unity.xr.management@4.0.6/Editor/XRPackageInitialization.cs:152)
UnityEditor.XR.Management.XRPackageInitializationBootstrap:InitializePackageFromMetadata (UnityEditor.XR.Management.Metadata.IXRPackage,UnityEditor.XR.Management.Metadata.IXRPackageMetadata) (at Library/PackageCache/com.unity.xr.management@4.0.6/Editor/XRPackageInitialization.cs:129)
UnityEditor.XR.Management.XRPackageInitializationBootstrap:InitPackage (UnityEditor.XR.Management.Metadata.IXRPackage) (at Library/PackageCache/com.unity.xr.management@4.0.6/Editor/XRPackageInitialization.cs:118)
UnityEditor.XR.Management.XRPackageInitializationBootstrap:BeginPackageInitialization () (at Library/PackageCache/com.unity.xr.management@4.0.6/Editor/XRPackageInitialization.cs:87)
UnityEditor.XR.Management.XRPackageInitializationBootstrap:.cctor () (at Library/PackageCache/com.unity.xr.management@4.0.6/Editor/XRPackageInitialization.cs:50)
System.Runtime.CompilerServices.RuntimeHelpers:RunClassConstructor (System.RuntimeTypeHandle)
UnityEditor.EditorAssemblies:ProcessInitializeOnLoadAttributes (System.Type[])

(Filename: Library/PackageCache/com.unity.xr.management@4.0.6/Editor/EditorUtilities.cs Line: 108)

Error creating instance of loader Oculus for package Oculus XR Plugin
UnityEngine.StackTraceUtility:ExtractStackTrace ()
UnityEngine.DebugLogHandler:LogFormat (UnityEngine.LogType,UnityEngine.Object,string,object[])
UnityEngine.Logger:Log (UnityEngine.LogType,object)
UnityEngine.Debug:LogError (object)
UnityEditor.XR.Management.XRPackageInitializationBootstrap:InitializeLoaderFromMetadata (string,System.Collections.Generic.List`1<UnityEditor.XR.Management.Metadata.IXRLoaderMetadata>) (at Library/PackageCache/com.unity.xr.management@4.0.6/Editor/XRPackageInitialization.cs:157)
UnityEditor.XR.Management.XRPackageInitializationBootstrap:InitializePackageFromMetadata (UnityEditor.XR.Management.Metadata.IXRPackage,UnityEditor.XR.Management.Metadata.IXRPackageMetadata) (at Library/PackageCache/com.unity.xr.management@4.0.6/Editor/XRPackageInitialization.cs:129)
UnityEditor.XR.Management.XRPackageInitializationBootstrap:InitPackage (UnityEditor.XR.Management.Metadata.IXRPackage) (at Library/PackageCache/com.unity.xr.management@4.0.6/Editor/XRPackageInitialization.cs:118)
UnityEditor.XR.Management.XRPackageInitializationBootstrap:BeginPackageInitialization () (at Library/PackageCache/com.unity.xr.management@4.0.6/Editor/XRPackageInitialization.cs:87)
UnityEditor.XR.Management.XRPackageInitializationBootstrap:.cctor () (at Library/PackageCache/com.unity.xr.management@4.0.6/Editor/XRPackageInitialization.cs:50)
System.Runtime.CompilerServices.RuntimeHelpers:RunClassConstructor (System.RuntimeTypeHandle)
UnityEditor.EditorAssemblies:ProcessInitializeOnLoadAttributes (System.Type[])

(Filename: Library/PackageCache/com.unity.xr.management@4.0.6/Editor/XRPackageInitialization.cs Line: 157)

Instance of Unity.XR.Oculus.OculusSettings couldn't be created because there is no script with that name.
UnityEngine.StackTraceUtility:ExtractStackTrace ()
UnityEngine.ScriptableObject:CreateInstance (string)
UnityEditor.XR.Management.EditorUtilities:CreateScriptableObjectInstance (string,string) (at Library/PackageCache/com.unity.xr.management@4.0.6/Editor/EditorUtilities.cs:95)
UnityEditor.XR.Management.XRPackageInitializationBootstrap:InitializeSettingsFromMetadata (UnityEditor.XR.Management.Metadata.IXRPackage,string,string) (at Library/PackageCache/com.unity.xr.management@4.0.6/Editor/XRPackageInitialization.cs:183)
UnityEditor.XR.Management.XRPackageInitializationBootstrap:InitializePackageFromMetadata (UnityEditor.XR.Management.Metadata.IXRPackage,UnityEditor.XR.Management.Metadata.IXRPackageMetadata) (at Library/PackageCache/com.unity.xr.management@4.0.6/Editor/XRPackageInitialization.cs:130)
UnityEditor.XR.Management.XRPackageInitializationBootstrap:InitPackage (UnityEditor.XR.Management.Metadata.IXRPackage) (at Library/PackageCache/com.unity.xr.management@4.0.6/Editor/XRPackageInitialization.cs:118)
UnityEditor.XR.Management.XRPackageInitializationBootstrap:BeginPackageInitialization () (at Library/PackageCache/com.unity.xr.management@4.0.6/Editor/XRPackageInitialization.cs:87)
UnityEditor.XR.Management.XRPackageInitializationBootstrap:.cctor () (at Library/PackageCache/com.unity.xr.management@4.0.6/Editor/XRPackageInitialization.cs:50)
System.Runtime.CompilerServices.RuntimeHelpers:RunClassConstructor (System.RuntimeTypeHandle)
UnityEditor.EditorAssemblies:ProcessInitializeOnLoadAttributes (System.Type[])

[Library/PackageCache/com.unity.xr.management@4.0.6/Editor/EditorUtilities.cs line 95]

We were unable to create an instance of the requested type Unity.XR.Oculus.OculusSettings. Please make sure that all packages are updated to support this version of XR Plug-In Management. See the Unity documentation for XR Plug-In Management for information on resolving this issue.
UnityEngine.StackTraceUtility:ExtractStackTrace ()
UnityEngine.DebugLogHandler:LogFormat (UnityEngine.LogType,UnityEngine.Object,string,object[])
UnityEngine.Logger:Log (UnityEngine.LogType,object)
UnityEngine.Debug:LogError (object)
UnityEditor.XR.Management.EditorUtilities:CreateScriptableObjectInstance (string,string) (at Library/PackageCache/com.unity.xr.management@4.0.6/Editor/EditorUtilities.cs:108)
UnityEditor.XR.Management.XRPackageInitializationBootstrap:InitializeSettingsFromMetadata (UnityEditor.XR.Management.Metadata.IXRPackage,string,string) (at Library/PackageCache/com.unity.xr.management@4.0.6/Editor/XRPackageInitialization.cs:183)
UnityEditor.XR.Management.XRPackageInitializationBootstrap:InitializePackageFromMetadata (UnityEditor.XR.Management.Metadata.IXRPackage,UnityEditor.XR.Management.Metadata.IXRPackageMetadata) (at Library/PackageCache/com.unity.xr.management@4.0.6/Editor/XRPackageInitialization.cs:130)
UnityEditor.XR.Management.XRPackageInitializationBootstrap:InitPackage (UnityEditor.XR.Management.Metadata.IXRPackage) (at Library/PackageCache/com.unity.xr.management@4.0.6/Editor/XRPackageInitialization.cs:118)
UnityEditor.XR.Management.XRPackageInitializationBootstrap:BeginPackageInitialization () (at Library/PackageCache/com.unity.xr.management@4.0.6/Editor/XRPackageInitialization.cs:87)
UnityEditor.XR.Management.XRPackageInitializationBootstrap:.cctor () (at Library/PackageCache/com.unity.xr.management@4.0.6/Editor/XRPackageInitialization.cs:50)
System.Runtime.CompilerServices.RuntimeHelpers:RunClassConstructor (System.RuntimeTypeHandle)
UnityEditor.EditorAssemblies:ProcessInitializeOnLoadAttributes (System.Type[])

(Filename: Library/PackageCache/com.unity.xr.management@4.0.6/Editor/EditorUtilities.cs Line: 108)

Oculus XR Plugin package Initialization not completed. You will need to create any instances of the loaders and settings manually before you can use the intended XR Plug-in Package.
UnityEngine.StackTraceUtility:ExtractStackTrace ()
UnityEngine.DebugLogHandler:LogFormat (UnityEngine.LogType,UnityEngine.Object,string,object[])
UnityEngine.Logger:Log (UnityEngine.LogType,object)
UnityEngine.Debug:LogWarning (object)
UnityEditor.XR.Management.XRPackageInitializationBootstrap:InitPackage (UnityEditor.XR.Management.Metadata.IXRPackage) (at Library/PackageCache/com.unity.xr.management@4.0.6/Editor/XRPackageInitialization.cs:120)
UnityEditor.XR.Management.XRPackageInitializationBootstrap:BeginPackageInitialization () (at Library/PackageCache/com.unity.xr.management@4.0.6/Editor/XRPackageInitialization.cs:87)
UnityEditor.XR.Management.XRPackageInitializationBootstrap:.cctor () (at Library/PackageCache/com.unity.xr.management@4.0.6/Editor/XRPackageInitialization.cs:50)
System.Runtime.CompilerServices.RuntimeHelpers:RunClassConstructor (System.RuntimeTypeHandle)
UnityEditor.EditorAssemblies:ProcessInitializeOnLoadAttributes (System.Type[])

(Filename: Library/PackageCache/com.unity.xr.management@4.0.6/Editor/XRPackageInitialization.cs Line: 120)

[XR] OculusXRPlugin: registering subsystems
[XR] Unable to register display lifecyle provider: [1]
[XR] Oculus Input lifecycle provider registered.
[XR] Unable to register input lifecyle provider: [1]
[XR] OVRP version 1.61.0
Mono: successfully reloaded assembly
- Completed reload, in  0.602 seconds
Platform modules already initialized, skipping
Shader 'Oculus/OVRMRCameraFrameLit': fallback shader 'Alpha-Diffuse' not found
Refreshing native plugins compatible for Editor in 0.83 ms, found 4 plugins.
Preloading 1 native plugins for Editor in 0.07 ms.
Unloading 2137 Unused Serialized files (Serialized files now loaded: 0)
System memory in use before: 113.9 MB.
System memory in use after: 114.0 MB.

Unloading 65 unused Assets to reduce memory usage. Loaded Objects now: 2608.
Total: 3.998300 ms (FindLiveObjects: 0.193800 ms CreateObjectMapping: 0.061200 ms MarkObjects: 3.714200 ms  DeleteObjects: 0.028500 ms)

========================================================================
Received Prepare
Registering precompiled user dll's ...
Registered in 0.005362 seconds.
Begin MonoManager ReloadAssembly
Native extension for WindowsStandalone target not found
Native extension for WebGL target not found
Refreshing native plugins compatible for Editor in 0.85 ms, found 4 plugins.
Preloading 1 native plugins for Editor in 0.07 ms.
Mono: successfully reloaded assembly
- Completed reload, in  0.614 seconds
Platform modules already initialized, skipping
Shader 'Oculus/OVRMRCameraFrameLit': fallback shader 'Alpha-Diffuse' not found
Refreshing native plugins compatible for Editor in 0.84 ms, found 4 plugins.
Preloading 1 native plugins for Editor in 0.07 ms.
Unloading 2125 Unused Serialized files (Serialized files now loaded: 0)
System memory in use before: 113.6 MB.
System memory in use after: 113.8 MB.

Unloading 65 unused Assets to reduce memory usage. Loaded Objects now: 2612.
Total: 4.153800 ms (FindLiveObjects: 0.239000 ms CreateObjectMapping: 0.096500 ms MarkObjects: 3.786800 ms  DeleteObjects: 0.030400 ms)

========================================================================
Received Import Request.
  Time since last request: 792.425186 seconds.
  path: Assets/Scenes/Physics.unity
  artifactKey: Guid(e334a307dac5441b0938ec436b149cd1) Importer(815301076,1909f56bfc062723c751e8b465ee728b)
Start importing Assets/Scenes/Physics.unity using Guid(e334a307dac5441b0938ec436b149cd1) Importer(815301076,1909f56bfc062723c751e8b465ee728b)  -> (artifact id: 'ee772d5f1e13188d5db1b3835bf506c3') in 0.024744 seconds
  Import took 0.028258 seconds .

========================================================================
Received Prepare
Registering precompiled user dll's ...
Registered in 0.006983 seconds.
Begin MonoManager ReloadAssembly
Native extension for WindowsStandalone target not found
Native extension for WebGL target not found
Refreshing native plugins compatible for Editor in 0.84 ms, found 4 plugins.
Preloading 1 native plugins for Editor in 0.07 ms.
Mono: successfully reloaded assembly
- Completed reload, in  0.651 seconds
Platform modules already initialized, skipping
Shader 'Oculus/OVRMRCameraFrameLit': fallback shader 'Alpha-Diffuse' not found
Refreshing native plugins compatible for Editor in 0.85 ms, found 4 plugins.
Preloading 1 native plugins for Editor in 0.07 ms.
Unloading 2125 Unused Serialized files (Serialized files now loaded: 0)
System memory in use before: 113.7 MB.
System memory in use after: 113.8 MB.

Unloading 65 unused Assets to reduce memory usage. Loaded Objects now: 2616.
Total: 4.263900 ms (FindLiveObjects: 0.189000 ms CreateObjectMapping: 0.056300 ms MarkObjects: 3.988600 ms  DeleteObjects: 0.029200 ms)

========================================================================
Received Import Request.
  Time since last request: 3.169837 seconds.
  path: Assets/Scenes/Recursion.unity
  artifactKey: Guid(40f36befccc724c5e9940662df244db8) Importer(815301076,1909f56bfc062723c751e8b465ee728b)
Start importing Assets/Scenes/Recursion.unity using Guid(40f36befccc724c5e9940662df244db8) Importer(815301076,1909f56bfc062723c751e8b465ee728b)  -> (artifact id: '5aa76b67cfeab5f1e3b9e54ada16f817') in 0.011632 seconds
  Import took 0.014971 seconds .

========================================================================
Received Prepare
Registering precompiled user dll's ...
Registered in 0.005331 seconds.
Begin MonoManager ReloadAssembly
Native extension for WindowsStandalone target not found
Native extension for WebGL target not found
Refreshing native plugins compatible for Editor in 0.82 ms, found 4 plugins.
Preloading 1 native plugins for Editor in 0.07 ms.
Mono: successfully reloaded assembly
- Completed reload, in  0.589 seconds
Platform modules already initialized, skipping
Shader 'Oculus/OVRMRCameraFrameLit': fallback shader 'Alpha-Diffuse' not found
Refreshing native plugins compatible for Editor in 0.80 ms, found 4 plugins.
Preloading 1 native plugins for Editor in 0.06 ms.
Unloading 2125 Unused Serialized files (Serialized files now loaded: 0)
System memory in use before: 113.7 MB.
System memory in use after: 113.8 MB.

Unloading 65 unused Assets to reduce memory usage. Loaded Objects now: 2620.
Total: 3.946900 ms (FindLiveObjects: 0.166400 ms CreateObjectMapping: 0.058100 ms MarkObjects: 3.695500 ms  DeleteObjects: 0.026300 ms)

========================================================================
Received Import Request.
  Time since last request: 23187.208995 seconds.
  path: Assets/Scripts/Core
  artifactKey: Guid(5d32c080a4487499298dfca4d0bf1243) Importer(815301076,1909f56bfc062723c751e8b465ee728b)
Start importing Assets/Scripts/Core using Guid(5d32c080a4487499298dfca4d0bf1243) Importer(815301076,1909f56bfc062723c751e8b465ee728b)  -> (artifact id: '961a75f26e0c32ef7ae69223144c0749') in 0.005249 seconds
  Import took 0.008471 seconds .

========================================================================
Received Import Request.
  Time since last request: 0.000229 seconds.
  path: Assets/Scripts/Core
  artifactKey: Guid(5d32c080a4487499298dfca4d0bf1243) Importer(815301076,1909f56bfc062723c751e8b465ee728b)
Start importing Assets/Scripts/Core using Guid(5d32c080a4487499298dfca4d0bf1243) Importer(815301076,1909f56bfc062723c751e8b465ee728b)  -> (artifact id: '961a75f26e0c32ef7ae69223144c0749') in 0.001609 seconds
  Import took 0.003729 seconds .

========================================================================
Received Import Request.
  Time since last request: 45.120728 seconds.
  path: Assets/Scripts/Core/Portal.cs
  artifactKey: Guid(57b9885b89b6d4fbe92f77801ecc3671) Importer(815301076,1909f56bfc062723c751e8b465ee728b)
Start importing Assets/Scripts/Core/Portal.cs using Guid(57b9885b89b6d4fbe92f77801ecc3671) Importer(815301076,1909f56bfc062723c751e8b465ee728b)  -> (artifact id: '3564e67e8c10c97302cf64d9fe85b624') in 0.004810 seconds
  Import took 0.007401 seconds .

========================================================================
Received Import Request.
  Time since last request: 0.016792 seconds.
  path: Assets/Scripts/Core/Portal.cs
  artifactKey: Guid(57b9885b89b6d4fbe92f77801ecc3671) Importer(815301076,1909f56bfc062723c751e8b465ee728b)
Start importing Assets/Scripts/Core/Portal.cs using Guid(57b9885b89b6d4fbe92f77801ecc3671) Importer(815301076,1909f56bfc062723c751e8b465ee728b)  -> (artifact id: '3564e67e8c10c97302cf64d9fe85b624') in 0.001844 seconds
  Import took 0.004027 seconds .

========================================================================
Received Prepare
Registering precompiled user dll's ...
Registered in 0.004006 seconds.
Begin MonoManager ReloadAssembly
Native extension for WindowsStandalone target not found
Native extension for WebGL target not found
Refreshing native plugins compatible for Editor in 0.81 ms, found 4 plugins.
Preloading 1 native plugins for Editor in 0.07 ms.
Mono: successfully reloaded assembly
- Completed reload, in  0.573 seconds
Platform modules already initialized, skipping
Shader 'Oculus/OVRMRCameraFrameLit': fallback shader 'Alpha-Diffuse' not found
Refreshing native plugins compatible for Editor in 0.82 ms, found 4 plugins.
Preloading 1 native plugins for Editor in 0.06 ms.
Unloading 2125 Unused Serialized files (Serialized files now loaded: 0)
System memory in use before: 113.7 MB.
System memory in use after: 113.8 MB.

Unloading 65 unused Assets to reduce memory usage. Loaded Objects now: 2624.
Total: 4.112200 ms (FindLiveObjects: 0.188500 ms CreateObjectMapping: 0.058600 ms MarkObjects: 3.836300 ms  DeleteObjects: 0.028200 ms)

========================================================================
Received Import Request.
  Time since last request: 58.224578 seconds.
  path: Assets/Scripts/Demo/PortalPhysicsObject.cs
  artifactKey: Guid(7a657e3e5efa94ad39b8b5dcb5eda8a1) Importer(815301076,1909f56bfc062723c751e8b465ee728b)
Start importing Assets/Scripts/Demo/PortalPhysicsObject.cs using Guid(7a657e3e5efa94ad39b8b5dcb5eda8a1) Importer(815301076,1909f56bfc062723c751e8b465ee728b)  -> (artifact id: 'f84989defbc00ce5a1810d6e33aa092b') in 0.004793 seconds
  Import took 0.007753 seconds .

========================================================================
Received Import Request.
  Time since last request: 2.856432 seconds.
  path: Assets/Scripts/Demo/FPSController.cs
  artifactKey: Guid(3d6a5ccf8889c4d978067bb5dc639458) Importer(815301076,1909f56bfc062723c751e8b465ee728b)
Start importing Assets/Scripts/Demo/FPSController.cs using Guid(3d6a5ccf8889c4d978067bb5dc639458) Importer(815301076,1909f56bfc062723c751e8b465ee728b)  -> (artifact id: 'd6f7e13c04566452697a68bc38bd0ed8') in 0.002082 seconds
  Import took 0.004704 seconds .

========================================================================
Received Import Request.
  Time since last request: 3.930062 seconds.
  path: Assets/Scripts/Demo/Shaders
  artifactKey: Guid(4026a315721734a93827c306ba8bb2a7) Importer(815301076,1909f56bfc062723c751e8b465ee728b)
Start importing Assets/Scripts/Demo/Shaders using Guid(4026a315721734a93827c306ba8bb2a7) Importer(815301076,1909f56bfc062723c751e8b465ee728b)  -> (artifact id: '8040db4dee81be7717fc7f9afa208fad') in 0.001829 seconds
  Import took 0.004407 seconds .

========================================================================
Received Import Request.
  Time since last request: 3.132435 seconds.
  path: Assets/Scripts/Core/CameraUtility.cs
  artifactKey: Guid(e43c024bb46ea4cce9a2be741f27141d) Importer(815301076,1909f56bfc062723c751e8b465ee728b)
Start importing Assets/Scripts/Core/CameraUtility.cs using Guid(e43c024bb46ea4cce9a2be741f27141d) Importer(815301076,1909f56bfc062723c751e8b465ee728b)  -> (artifact id: '4ee9d5d57fec046d0ea5a7e07c1eff10') in 0.001989 seconds
  Import took 0.004406 seconds .

========================================================================
Received Import Request.
  Time since last request: 4.235466 seconds.
  path: Assets/Scripts/Core/MainCamera.cs
  artifactKey: Guid(1a42331d6ec5746d4960a877e58cfb58) Importer(815301076,1909f56bfc062723c751e8b465ee728b)
Start importing Assets/Scripts/Core/MainCamera.cs using Guid(1a42331d6ec5746d4960a877e58cfb58) Importer(815301076,1909f56bfc062723c751e8b465ee728b)  -> (artifact id: 'ef13a1a81c9e7dcbc36f245939f2c2bd') in 0.002060 seconds
  Import took 0.004633 seconds .

========================================================================
Received Prepare
Registering precompiled user dll's ...
Registered in 0.004154 seconds.
Begin MonoManager ReloadAssembly
Native extension for WindowsStandalone target not found
Native extension for WebGL target not found
Refreshing native plugins compatible for Editor in 0.80 ms, found 4 plugins.
Preloading 1 native plugins for Editor in 0.07 ms.
Mono: successfully reloaded assembly
- Completed reload, in  0.593 seconds
Platform modules already initialized, skipping
Shader 'Oculus/OVRMRCameraFrameLit': fallback shader 'Alpha-Diffuse' not found
Refreshing native plugins compatible for Editor in 0.83 ms, found 4 plugins.
Preloading 1 native plugins for Editor in 0.06 ms.
Unloading 2125 Unused Serialized files (Serialized files now loaded: 0)
System memory in use before: 113.7 MB.
System memory in use after: 113.8 MB.

Unloading 65 unused Assets to reduce memory usage. Loaded Objects now: 2628.
Total: 4.036800 ms (FindLiveObjects: 0.173300 ms CreateObjectMapping: 0.061200 ms MarkObjects: 3.776500 ms  DeleteObjects: 0.025300 ms)

========================================================================
Received Import Request.
  Time since last request: 3711.341743 seconds.
  path: Assets/XR/XRGeneralSettings.asset
  artifactKey: Guid(828177d92b0df0d4e93d49fb9238c29a) Importer(815301076,1909f56bfc062723c751e8b465ee728b)
Start importing Assets/XR/XRGeneralSettings.asset using Guid(828177d92b0df0d4e93d49fb9238c29a) Importer(815301076,1909f56bfc062723c751e8b465ee728b)  -> (artifact id: 'e8de95eb769fcc08d382b8e6942a024d') in 0.038740 seconds
  Import took 0.042110 seconds .

========================================================================
Received Import Request.
  Time since last request: 173.269354 seconds.
  path: Assets/Materials/Blue.mat
  artifactKey: Guid(aaa78d60bfc764377915b044be73f1e0) Importer(815301076,1909f56bfc062723c751e8b465ee728b)
Start importing Assets/Materials/Blue.mat using Guid(aaa78d60bfc764377915b044be73f1e0) Importer(815301076,1909f56bfc062723c751e8b465ee728b)  -> (artifact id: '1a327a4570792967f49aaa46c9c00b4e') in 0.050341 seconds
  Import took 0.053400 seconds .

========================================================================
Received Import Request.
  Time since last request: 0.000131 seconds.
  path: Assets/Materials/Brown.mat
  artifactKey: Guid(68dd10b97201c4b3abc5b47f18f9e811) Importer(815301076,1909f56bfc062723c751e8b465ee728b)
Start importing Assets/Materials/Brown.mat using Guid(68dd10b97201c4b3abc5b47f18f9e811) Importer(815301076,1909f56bfc062723c751e8b465ee728b)  -> (artifact id: '16a49bb1159c8ea9604d6b9d5614242e') in 0.006002 seconds
  Import took 0.008274 seconds .

========================================================================
Received Import Request.
  Time since last request: 0.000116 seconds.
  path: Assets/Materials/Player.mat
  artifactKey: Guid(8a23a022b7fa3436c9d6bdc0c6ff98e0) Importer(815301076,1909f56bfc062723c751e8b465ee728b)
Start importing Assets/Materials/Player.mat using Guid(8a23a022b7fa3436c9d6bdc0c6ff98e0) Importer(815301076,1909f56bfc062723c751e8b465ee728b)  -> (artifact id: '3b8f60d3920f384c067fb222e3b74139') in 0.005992 seconds
  Import took 0.008330 seconds .

========================================================================
Received Import Request.
  Time since last request: 0.000147 seconds.
  path: Assets/Materials/Cloud.mat
  artifactKey: Guid(870a2e40d71614851b92883c5351e1b9) Importer(815301076,1909f56bfc062723c751e8b465ee728b)
Start importing Assets/Materials/Cloud.mat using Guid(870a2e40d71614851b92883c5351e1b9) Importer(815301076,1909f56bfc062723c751e8b465ee728b)  -> (artifact id: '452954fd92b6867be91874c7f0025c96') in 0.007926 seconds
  Import took 0.010291 seconds .

========================================================================
Received Import Request.
  Time since last request: 0.000112 seconds.
  path: Assets/Materials/Red.mat
  artifactKey: Guid(aba849b25aef0463eab029fc708e9c12) Importer(815301076,1909f56bfc062723c751e8b465ee728b)
Start importing Assets/Materials/Red.mat using Guid(aba849b25aef0463eab029fc708e9c12) Importer(815301076,1909f56bfc062723c751e8b465ee728b)  -> (artifact id: 'b2ff2d3dcf8db092cb0bc712f777c584') in 0.007164 seconds
  Import took 0.009396 seconds .

========================================================================
Received Import Request.
  Time since last request: 0.000103 seconds.
  path: Assets/Materials/Grey.mat
  artifactKey: Guid(556cc49e838cc40529b22b3472a66ac3) Importer(815301076,1909f56bfc062723c751e8b465ee728b)
Start importing Assets/Materials/Grey.mat using Guid(556cc49e838cc40529b22b3472a66ac3) Importer(815301076,1909f56bfc062723c751e8b465ee728b)  -> (artifact id: '9b9c2d653d9b83cf208ded9fac524580') in 0.006670 seconds
  Import took 0.008831 seconds .

========================================================================
Received Import Request.
  Time since last request: 0.000110 seconds.
  path: Assets/Materials/Yellow.mat
  artifactKey: Guid(a7c4e4ab54d3945f294f10d0a62ac9dd) Importer(815301076,1909f56bfc062723c751e8b465ee728b)
Start importing Assets/Materials/Yellow.mat using Guid(a7c4e4ab54d3945f294f10d0a62ac9dd) Importer(815301076,1909f56bfc062723c751e8b465ee728b)  -> (artifact id: '2569b019e34393c4252e898709760f66') in 0.006674 seconds
  Import took 0.008804 seconds .

========================================================================
Received Import Request.
  Time since last request: 0.000109 seconds.
  path: Assets/Materials/Green.mat
  artifactKey: Guid(2fb00cb7db5f24e2e81c40725c3ca032) Importer(815301076,1909f56bfc062723c751e8b465ee728b)
Start importing Assets/Materials/Green.mat using Guid(2fb00cb7db5f24e2e81c40725c3ca032) Importer(815301076,1909f56bfc062723c751e8b465ee728b)  -> (artifact id: 'd486b6326f79b380b389163a3a00233f') in 0.006171 seconds
  Import took 0.008127 seconds .

========================================================================
Received Import Request.
  Time since last request: 0.000112 seconds.
  path: Assets/Materials/Portal Stone.mat
  artifactKey: Guid(0dc63975507c447c7b5244bb1726718c) Importer(815301076,1909f56bfc062723c751e8b465ee728b)
Start importing Assets/Materials/Portal Stone.mat using Guid(0dc63975507c447c7b5244bb1726718c) Importer(815301076,1909f56bfc062723c751e8b465ee728b)  -> (artifact id: '63779bb90829a1995eee91ec58d06851') in 0.006988 seconds
  Import took 0.009233 seconds .

========================================================================
Received Import Request.
  Time since last request: 0.000106 seconds.
  path: Assets/Materials/Portal Screen.mat
  artifactKey: Guid(862d756f3c67d421c9ce251cd604fbf3) Importer(815301076,1909f56bfc062723c751e8b465ee728b)
Start importing Assets/Materials/Portal Screen.mat using Guid(862d756f3c67d421c9ce251cd604fbf3) Importer(815301076,1909f56bfc062723c751e8b465ee728b)  -> (artifact id: '0bf3cc805e8d4aeb53c08d1301d62b57') in 0.007329 seconds
  Import took 0.009464 seconds .

========================================================================
Received Import Request.
  Time since last request: 0.000118 seconds.
  path: Assets/Materials/Cloud Desert.mat
  artifactKey: Guid(91ea72adcbf29474d9caa07c9dbe8f5f) Importer(815301076,1909f56bfc062723c751e8b465ee728b)
Start importing Assets/Materials/Cloud Desert.mat using Guid(91ea72adcbf29474d9caa07c9dbe8f5f) Importer(815301076,1909f56bfc062723c751e8b465ee728b)  -> (artifact id: '4f17d77df329522b2055b92e8a4d7276') in 0.007727 seconds
  Import took 0.009840 seconds .

========================================================================
Received Import Request.
  Time since last request: 0.000120 seconds.
  path: Assets/Materials/Physics Cube.mat
  artifactKey: Guid(c9cd587302f7e4eb8b5946181fc616d4) Importer(815301076,1909f56bfc062723c751e8b465ee728b)
Start importing Assets/Materials/Physics Cube.mat using Guid(c9cd587302f7e4eb8b5946181fc616d4) Importer(815301076,1909f56bfc062723c751e8b465ee728b)  -> (artifact id: 'b24382cb0366160eaac833482cc55b0d') in 0.005926 seconds
  Import took 0.008036 seconds .

========================================================================
Received Import Request.
  Time since last request: 1741.387937 seconds.
  path: Assets/Oculus/SampleFramework/Usage/Locomotion/Scripts/CharacterCapsule.cs
  artifactKey: Guid(8f9cfd9856723ca4f922ba9af9e15fe4) Importer(815301076,1909f56bfc062723c751e8b465ee728b)
Start importing Assets/Oculus/SampleFramework/Usage/Locomotion/Scripts/CharacterCapsule.cs using Guid(8f9cfd9856723ca4f922ba9af9e15fe4) Importer(815301076,1909f56bfc062723c751e8b465ee728b)  -> (artifact id: '3f84d21fbac43c985db235cf530c247f') in 0.002089 seconds
  Import took 0.005099 seconds .

========================================================================
Received Import Request.
  Time since last request: 0.000277 seconds.
  path: Assets/Oculus/SampleFramework/Usage/Locomotion/Scripts/CharacterCapsule.cs
  artifactKey: Guid(8f9cfd9856723ca4f922ba9af9e15fe4) Importer(815301076,1909f56bfc062723c751e8b465ee728b)
Start importing Assets/Oculus/SampleFramework/Usage/Locomotion/Scripts/CharacterCapsule.cs using Guid(8f9cfd9856723ca4f922ba9af9e15fe4) Importer(815301076,1909f56bfc062723c751e8b465ee728b)  -> (artifact id: '3f84d21fbac43c985db235cf530c247f') in 0.001985 seconds
  Import took 0.004152 seconds .

========================================================================
Received Import Request.
  Time since last request: 2.002531 seconds.
  path: Assets/Oculus/SampleFramework/Core/Locomotion/Scripts/CharacterCameraConstraint.cs
  artifactKey: Guid(cf162022e230bb745ab2ec48cd357f9e) Importer(815301076,1909f56bfc062723c751e8b465ee728b)
Start importing Assets/Oculus/SampleFramework/Core/Locomotion/Scripts/CharacterCameraConstraint.cs using Guid(cf162022e230bb745ab2ec48cd357f9e) Importer(815301076,1909f56bfc062723c751e8b465ee728b)  -> (artifact id: 'ed7a41f3a824b27c350720f5b411cf74') in 0.002006 seconds
  Import took 0.004505 seconds .

========================================================================
Received Import Request.
  Time since last request: 11.234017 seconds.
  path: Assets/Oculus/Spatializer/scenes/Standard Assets/Character Controllers
  artifactKey: Guid(54216e9ed42974e30967824b7f0b2806) Importer(815301076,1909f56bfc062723c751e8b465ee728b)
Start importing Assets/Oculus/Spatializer/scenes/Standard Assets/Character Controllers using Guid(54216e9ed42974e30967824b7f0b2806) Importer(815301076,1909f56bfc062723c751e8b465ee728b)  -> (artifact id: '75cee92600f5c82682aad004c1e81604') in 0.002115 seconds
  Import took 0.004796 seconds .

========================================================================
Received Import Request.
  Time since last request: 0.084892 seconds.
  path: Assets/Oculus/Spatializer/scenes/Standard Assets/Character Controllers/3rd Person Controller.prefab
  artifactKey: Guid(2314ce3a3eecf4816bad3c9eca4de2e1) Importer(815301076,1909f56bfc062723c751e8b465ee728b)
Start importing Assets/Oculus/Spatializer/scenes/Standard Assets/Character Controllers/3rd Person Controller.prefab using Guid(2314ce3a3eecf4816bad3c9eca4de2e1) Importer(815301076,1909f56bfc062723c751e8b465ee728b)  -> (artifact id: '95a4b101ffb5715626ab6fd14a8f16bb') in 0.119898 seconds
  Import took 0.122918 seconds .

========================================================================
Received Import Request.
  Time since last request: 0.000142 seconds.
  path: Assets/Oculus/Spatializer/scenes/Standard Assets/Character Controllers/First Person Controller.prefab
  artifactKey: Guid(9d4133d5d30b644bd87802a347eaccbe) Importer(815301076,1909f56bfc062723c751e8b465ee728b)
Start importing Assets/Oculus/Spatializer/scenes/Standard Assets/Character Controllers/First Person Controller.prefab using Guid(9d4133d5d30b644bd87802a347eaccbe) Importer(815301076,1909f56bfc062723c751e8b465ee728b)  -> (artifact id: 'c42a507a0a6eef2018e7330a885de7a3') in 0.070415 seconds
  Import took 0.073091 seconds .

========================================================================
Received Import Request.
  Time since last request: 3.192856 seconds.
  path: Assets/Oculus/Spatializer/scenes/Standard Assets/Character Controllers/Sources
  artifactKey: Guid(7e0b0a994d8934541a387e092630b5db) Importer(815301076,1909f56bfc062723c751e8b465ee728b)
Start importing Assets/Oculus/Spatializer/scenes/Standard Assets/Character Controllers/Sources using Guid(7e0b0a994d8934541a387e092630b5db) Importer(815301076,1909f56bfc062723c751e8b465ee728b)  -> (artifact id: '96972dd6253634ebc5a74a40bbf05740') in 0.002114 seconds
  Import took 0.004879 seconds .

========================================================================
Received Import Request.
  Time since last request: 1.346479 seconds.
  path: Assets/Oculus/Spatializer/scenes/Standard Assets/Character Controllers/Sources/Scripts
  artifactKey: Guid(f781c091d1c8647c380d5230adfaee54) Importer(815301076,1909f56bfc062723c751e8b465ee728b)
Start importing Assets/Oculus/Spatializer/scenes/Standard Assets/Character Controllers/Sources/Scripts using Guid(f781c091d1c8647c380d5230adfaee54) Importer(815301076,1909f56bfc062723c751e8b465ee728b)  -> (artifact id: 'b9b6d4ca96d10d1774e7a9d55b7484c3') in 0.002002 seconds
  Import took 0.004629 seconds .

========================================================================
Received Import Request.
  Time since last request: 3.043289 seconds.
  path: Assets/Oculus/Spatializer/scenes/Standard Assets/Character Controllers/Sources/PrototypeCharacter
  artifactKey: Guid(c81df2918c80c054ca3d436e62090893) Importer(815301076,1909f56bfc062723c751e8b465ee728b)
Start importing Assets/Oculus/Spatializer/scenes/Standard Assets/Character Controllers/Sources/PrototypeCharacter using Guid(c81df2918c80c054ca3d436e62090893) Importer(815301076,1909f56bfc062723c751e8b465ee728b)  -> (artifact id: '709cc62267380426133c369f0d17d825') in 0.001905 seconds
  Import took 0.004471 seconds .

========================================================================
Received Import Request.
  Time since last request: 0.092749 seconds.
  path: Assets/Oculus/Spatializer/scenes/Standard Assets/Character Controllers/Sources/PrototypeCharacter/Constructor.FBX
  artifactKey: Guid(449b48f7eb5d87a4baaa5fb73f875a59) Importer(815301076,1909f56bfc062723c751e8b465ee728b)
Start importing Assets/Oculus/Spatializer/scenes/Standard Assets/Character Controllers/Sources/PrototypeCharacter/Constructor.FBX using Guid(449b48f7eb5d87a4baaa5fb73f875a59) Importer(815301076,1909f56bfc062723c751e8b465ee728b)  -> (artifact id: '1cdc6636009889c2b74a3012fbed9a18') in 0.059596 seconds
  Import took 0.062799 seconds .

========================================================================
Received Prepare
Registering precompiled user dll's ...
Registered in 0.004324 seconds.
Begin MonoManager ReloadAssembly
Native extension for WindowsStandalone target not found
Native extension for WebGL target not found
Refreshing native plugins compatible for Editor in 0.82 ms, found 4 plugins.
Preloading 1 native plugins for Editor in 0.07 ms.
Mono: successfully reloaded assembly
- Completed reload, in  0.589 seconds
Platform modules already initialized, skipping
Shader 'Oculus/OVRMRCameraFrameLit': fallback shader 'Alpha-Diffuse' not found
Refreshing native plugins compatible for Editor in 0.82 ms, found 4 plugins.
Preloading 1 native plugins for Editor in 0.06 ms.
Unloading 2125 Unused Serialized files (Serialized files now loaded: 0)
System memory in use before: 115.4 MB.
System memory in use after: 115.6 MB.

Unloading 66 unused Assets to reduce memory usage. Loaded Objects now: 2671.
Total: 4.063700 ms (FindLiveObjects: 0.184100 ms CreateObjectMapping: 0.067900 ms MarkObjects: 3.781800 ms  DeleteObjects: 0.029200 ms)

========================================================================
Received Prepare
Registering precompiled user dll's ...
Registered in 0.004242 seconds.
Begin MonoManager ReloadAssembly
Native extension for WindowsStandalone target not found
Native extension for WebGL target not found
Refreshing native plugins compatible for Editor in 0.83 ms, found 4 plugins.
Preloading 1 native plugins for Editor in 0.07 ms.
Mono: successfully reloaded assembly
- Completed reload, in  0.586 seconds
Platform modules already initialized, skipping
Shader 'Oculus/OVRMRCameraFrameLit': fallback shader 'Alpha-Diffuse' not found
Refreshing native plugins compatible for Editor in 0.81 ms, found 4 plugins.
Preloading 1 native plugins for Editor in 0.06 ms.
Unloading 2125 Unused Serialized files (Serialized files now loaded: 0)
System memory in use before: 115.4 MB.
System memory in use after: 115.6 MB.

Unloading 65 unused Assets to reduce memory usage. Loaded Objects now: 2675.
Total: 4.079000 ms (FindLiveObjects: 0.209300 ms CreateObjectMapping: 0.084500 ms MarkObjects: 3.759700 ms  DeleteObjects: 0.024800 ms)

========================================================================
Received Prepare
Registering precompiled user dll's ...
Registered in 0.004609 seconds.
Begin MonoManager ReloadAssembly
Native extension for WindowsStandalone target not found
Native extension for WebGL target not found
Refreshing native plugins compatible for Editor in 0.83 ms, found 4 plugins.
Preloading 1 native plugins for Editor in 0.08 ms.
Mono: successfully reloaded assembly
- Completed reload, in  0.617 seconds
Platform modules already initialized, skipping
Shader 'Oculus/OVRMRCameraFrameLit': fallback shader 'Alpha-Diffuse' not found
Refreshing native plugins compatible for Editor in 0.81 ms, found 4 plugins.
Preloading 1 native plugins for Editor in 0.06 ms.
Unloading 2125 Unused Serialized files (Serialized files now loaded: 0)
System memory in use before: 115.4 MB.
System memory in use after: 115.6 MB.

Unloading 65 unused Assets to reduce memory usage. Loaded Objects now: 2679.
Total: 4.193500 ms (FindLiveObjects: 0.195900 ms CreateObjectMapping: 0.066000 ms MarkObjects: 3.902500 ms  DeleteObjects: 0.028600 ms)

========================================================================
Received Prepare
Registering precompiled user dll's ...
Registered in 0.004020 seconds.
Begin MonoManager ReloadAssembly
Native extension for WindowsStandalone target not found
Native extension for WebGL target not found
Refreshing native plugins compatible for Editor in 0.83 ms, found 4 plugins.
Preloading 1 native plugins for Editor in 0.07 ms.
Mono: successfully reloaded assembly
- Completed reload, in  0.595 seconds
Platform modules already initialized, skipping
Shader 'Oculus/OVRMRCameraFrameLit': fallback shader 'Alpha-Diffuse' not found
Refreshing native plugins compatible for Editor in 0.85 ms, found 4 plugins.
Preloading 1 native plugins for Editor in 0.06 ms.
Unloading 2125 Unused Serialized files (Serialized files now loaded: 0)
System memory in use before: 115.4 MB.
System memory in use after: 115.6 MB.

Unloading 65 unused Assets to reduce memory usage. Loaded Objects now: 2683.
Total: 4.293000 ms (FindLiveObjects: 0.227700 ms CreateObjectMapping: 0.070500 ms MarkObjects: 3.968900 ms  DeleteObjects: 0.025400 ms)

========================================================================
Received Prepare
Registering precompiled user dll's ...
Registered in 0.003645 seconds.
Begin MonoManager ReloadAssembly
Native extension for WindowsStandalone target not found
Native extension for WebGL target not found
Refreshing native plugins compatible for Editor in 0.85 ms, found 4 plugins.
Preloading 1 native plugins for Editor in 0.07 ms.
Mono: successfully reloaded assembly
- Completed reload, in  0.633 seconds
Platform modules already initialized, skipping
Shader 'Oculus/OVRMRCameraFrameLit': fallback shader 'Alpha-Diffuse' not found
Refreshing native plugins compatible for Editor in 0.87 ms, found 4 plugins.
Preloading 1 native plugins for Editor in 0.07 ms.
Unloading 2125 Unused Serialized files (Serialized files now loaded: 0)
System memory in use before: 115.4 MB.
System memory in use after: 115.6 MB.

Unloading 65 unused Assets to reduce memory usage. Loaded Objects now: 2687.
Total: 3.979500 ms (FindLiveObjects: 0.187000 ms CreateObjectMapping: 0.050200 ms MarkObjects: 3.717000 ms  DeleteObjects: 0.024500 ms)

========================================================================
Received Import Request.
  Time since last request: 40318.214899 seconds.
  path: Assets/Scenes/Slicing.unity
  artifactKey: Guid(dfff69910e2b84bcb80a0766da682e91) Importer(815301076,1909f56bfc062723c751e8b465ee728b)
Start importing Assets/Scenes/Slicing.unity using Guid(dfff69910e2b84bcb80a0766da682e91) Importer(815301076,1909f56bfc062723c751e8b465ee728b)  -> (artifact id: '74ea126559d8413e2d7870783fbf5730') in 0.045130 seconds
  Import took 0.049086 seconds .

========================================================================
Received Import Request.
  Time since last request: 8.947149 seconds.
  path: Assets/Scenes/SampleScene.unity
  artifactKey: Guid(dfff69910e2b84bcb80a0766da682e91) Importer(815301076,1909f56bfc062723c751e8b465ee728b)
Start importing Assets/Scenes/SampleScene.unity using Guid(dfff69910e2b84bcb80a0766da682e91) Importer(815301076,1909f56bfc062723c751e8b465ee728b)  -> (artifact id: 'de210ba7541fe391d54b39e7f7ec08bd') in 0.002235 seconds
  Import took 0.005009 seconds .

AssetImportWorkerClient::OnTransportError - code=2 error=End of file
